<component name="libraryTable">
  <library name="junit-4.11">
    <CLASSES>
      <root url="jar://$USER_HOME$/Desktop/jfreechart-1.0.19/jfreechart-1.0.19/lib/junit-4.11.jar!/" />
    </CLASSES>
    <JAVADOC />
    <SOURCES />
  </library>
</component>